GC Precious Log:
 CPUs: 12 total, 12 available
 Memory: 16251M
 Large Page Support: Disabled
 NUMA Support: Disabled
 Compressed Oops: Enabled (Zero based)
 Heap Region Size: 2M
 Heap Min Capacity: 8M
 Heap Initial Capacity: 254M
 Heap Max Capacity: 4064M
 Pre-touch: Disabled
 Parallel Workers: 10
 Concurrent Workers: 3
 Concurrent Refinement Workers: 10
 Periodic GC: Disabled
Heap:
 garbage-first heap   total 260096K, used 71123K [0x0000000702000000, 0x0000000800000000)
  region size 2048K, 23 young (47104K), 2 survivors (4096K)
 Metaspace       used 15941K, committed 16128K, reserved 1064960K
  class space    used 1524K, committed 1664K, reserved 1048576K
GC Heap History (6 events):
Event: 2.077 GC heap before
{Heap before GC invocations=0 (full 0):
 garbage-first heap   total 260096K, used 40960K [0x0000000702000000, 0x0000000800000000)
  region size 2048K, 11 young (22528K), 0 survivors (0K)
 Metaspace       used 14844K, committed 15104K, reserved 1064960K
  class space    used 1515K, committed 1664K, reserved 1048576K
}
Event: 2.080 GC heap after
{Heap after GC invocations=1 (full 0):
 garbage-first heap   total 260096K, used 22802K [0x0000000702000000, 0x0000000800000000)
  region size 2048K, 2 young (4096K), 2 survivors (4096K)
 Metaspace       used 14844K, committed 15104K, reserved 1064960K
  class space    used 1515K, committed 1664K, reserved 1048576K
}
Event: 2.291 GC heap before
{Heap before GC invocations=1 (full 0):
 garbage-first heap   total 260096K, used 49426K [0x0000000702000000, 0x0000000800000000)
  region size 2048K, 16 young (32768K), 2 survivors (4096K)
 Metaspace       used 15223K, committed 15488K, reserved 1064960K
  class space    used 1519K, committed 1664K, reserved 1048576K
}
Event: 2.294 GC heap after
{Heap after GC invocations=2 (full 0):
 garbage-first heap   total 260096K, used 26097K [0x0000000702000000, 0x0000000800000000)
  region size 2048K, 2 young (4096K), 2 survivors (4096K)
 Metaspace       used 15223K, committed 15488K, reserved 1064960K
  class space    used 1519K, committed 1664K, reserved 1048576K
}
Event: 11.688 GC heap before
{Heap before GC invocations=2 (full 0):
 garbage-first heap   total 260096K, used 110065K [0x0000000702000000, 0x0000000800000000)
  region size 2048K, 41 young (83968K), 2 survivors (4096K)
 Metaspace       used 15756K, committed 16000K, reserved 1064960K
  class space    used 1521K, committed 1664K, reserved 1048576K
}
Event: 11.689 GC heap after
{Heap after GC invocations=3 (full 0):
 garbage-first heap   total 260096K, used 32211K [0x0000000702000000, 0x0000000800000000)
  region size 2048K, 2 young (4096K), 2 survivors (4096K)
 Metaspace       used 15756K, committed 16000K, reserved 1064960K
  class space    used 1521K, committed 1664K, reserved 1048576K
}

